[+] Containers:
 |- [+] Container: /Game/FromtheOther/Level_Main
 |   |- [+] ActorDescs:
 |   |   |- Guid:1765C37B4E92E8F87996088C930B197A BaseClass: NativeClass:/Script/Engine.VolumetricCloud Name:VolumetricCloud_UAID_A8A159265DF5D92802_1194503941 Label:VolumetricCloud SpatiallyLoaded:0 Bounds:IsValid=true, Min=(X=0.000 Y=0.000 Z=0.000), Max=(X=0.000 Y=0.000 Z=0.000) RuntimeGrid:None EditorOnly:0 RuntimeOnly:0 HLODRelevant:0 ListedInSceneOutliner:1 IsMainWorldOnly:0 FolderPath:SkyEnvironment FolderGuid:D8EAE2534970564B52EA1C87FB31D303
 |   |   |- Guid:218E3B124735712D7EF272B4FB8E7FF6 BaseClass: NativeClass:/Script/Landscape.Landscape Name:Landscape_UAID_A85E45CFE404FBD100_1221515703 Label:Landscape SpatiallyLoaded:0 Bounds:IsValid=true, Min=(X=-100800.000 Y=-100800.000 Z=100.000), Max=(X=-100800.000 Y=-100800.000 Z=100.000) RuntimeGrid:None EditorOnly:0 RuntimeOnly:0 HLODRelevant:0 ListedInSceneOutliner:1 IsMainWorldOnly:0
 |   |   |- Guid:2EF168E948109DA74BFD38B7AC358805 BaseClass: NativeClass:/Script/Engine.WorldDataLayers Name:WorldDataLayers Label:None SpatiallyLoaded:0 Bounds:Invalid RuntimeGrid:None EditorOnly:0 RuntimeOnly:0 HLODRelevant:0 ListedInSceneOutliner:1 IsMainWorldOnly:1
 |   |   |- Guid:459FBE9D49250E59BF9DCEB4411C9CDC BaseClass: NativeClass:/Script/Engine.DirectionalLight Name:DirectionalLight_UAID_A8A159265DF5D92802_1087139939 Label:DirectionalLight SpatiallyLoaded:0 Bounds:Invalid RuntimeGrid:None EditorOnly:0 RuntimeOnly:0 HLODRelevant:0 ListedInSceneOutliner:1 IsMainWorldOnly:0 FolderPath:SkyEnvironment FolderGuid:D8EAE2534970564B52EA1C87FB31D303
 |   |   |- Guid:66250514464EA685853000A5693BBF54 BaseClass: NativeClass:/Script/Engine.RuntimeVirtualTextureVolume Name:RuntimeVirtualTextureVolume_UAID_A8A159265DF5C72402_1238417535 Label:RVTHeight SpatiallyLoaded:0 Bounds:IsValid=true, Min=(X=-100800.000 Y=-100800.000 Z=-9472.656), Max=(X=100800.000 Y=100800.000 Z=14989.844) RuntimeGrid:None EditorOnly:0 RuntimeOnly:0 HLODRelevant:0 ListedInSceneOutliner:1 IsMainWorldOnly:0 FolderPath:RVT FolderGuid:E73A59BA4DB0BDA89165D0872C37C1E8
 |   |   |- Guid:88835A9A4639E97AB2BCFD9C08F58BE0 BaseClass: NativeClass:/Script/Engine.PlayerStart Name:PlayerStart_UAID_A8A159265DF5D92802_1274736944 Label:PlayerStart SpatiallyLoaded:0 Bounds:IsValid=true, Min=(X=-40.000 Y=-40.000 Z=8.000), Max=(X=40.000 Y=40.000 Z=192.000) RuntimeGrid:None EditorOnly:0 RuntimeOnly:0 HLODRelevant:0 ListedInSceneOutliner:1 IsMainWorldOnly:0
 |   |   |- Guid:D03376D04B5AA1B7620396BE48FB4DD0 BaseClass: NativeClass:/Script/Engine.SkyAtmosphere Name:SkyAtmosphere_UAID_A8A159265DF5D92802_1202791942 Label:SkyAtmosphere SpatiallyLoaded:0 Bounds:IsValid=true, Min=(X=0.000 Y=0.000 Z=0.000), Max=(X=0.000 Y=0.000 Z=0.000) RuntimeGrid:None EditorOnly:0 RuntimeOnly:0 HLODRelevant:0 ListedInSceneOutliner:1 IsMainWorldOnly:0 FolderPath:SkyEnvironment FolderGuid:D8EAE2534970564B52EA1C87FB31D303
 |   |   |- Guid:D3E9DDE041A12D85DF60A2BB75E0FFB3 BaseClass: NativeClass:/Script/Engine.SkyLight Name:SkyLight_UAID_A8A159265DF5D92802_1180259940 Label:SkyLight SpatiallyLoaded:0 Bounds:IsValid=true, Min=(X=0.000 Y=0.000 Z=0.000), Max=(X=0.000 Y=0.000 Z=0.000) RuntimeGrid:None EditorOnly:0 RuntimeOnly:0 HLODRelevant:0 ListedInSceneOutliner:1 IsMainWorldOnly:0 FolderPath:SkyEnvironment FolderGuid:D8EAE2534970564B52EA1C87FB31D303
 |   |   |- Guid:D7BEBAE94D42C9D8B4F7A6A5C6D3B207 BaseClass: NativeClass:/Script/Engine.ExponentialHeightFog Name:ExponentialHeightFog_UAID_A8A159265DF5D92802_1203990943 Label:ExponentialHeightFog SpatiallyLoaded:0 Bounds:IsValid=true, Min=(X=0.000 Y=0.000 Z=0.000), Max=(X=0.000 Y=0.000 Z=0.000) RuntimeGrid:None EditorOnly:0 RuntimeOnly:0 HLODRelevant:0 ListedInSceneOutliner:1 IsMainWorldOnly:0 FolderPath:SkyEnvironment FolderGuid:D8EAE2534970564B52EA1C87FB31D303
 |   |   |- Guid:F416FBB74EE2FC4F37843B8692A26D23 BaseClass: NativeClass:/Script/Engine.RuntimeVirtualTextureVolume Name:RuntimeVirtualTextureVolume_UAID_A8A159265DF5C72402_1248926536 Label:RVTColor SpatiallyLoaded:0 Bounds:IsValid=true, Min=(X=-100800.000 Y=-100800.000 Z=-9472.656), Max=(X=100800.000 Y=100800.000 Z=14989.844) RuntimeGrid:None EditorOnly:0 RuntimeOnly:0 HLODRelevant:0 ListedInSceneOutliner:1 IsMainWorldOnly:0 FolderPath:RVT FolderGuid:E73A59BA4DB0BDA89165D0872C37C1E8
 |   |- [+] Clusters:
 |   |   |- [+] [  0]
 |   |   |   |- Guid:1765C37B4E92E8F87996088C930B197A BaseClass: NativeClass:/Script/Engine.VolumetricCloud Name:VolumetricCloud_UAID_A8A159265DF5D92802_1194503941 Label:VolumetricCloud SpatiallyLoaded:0 Bounds:IsValid=true, Min=(X=0.000 Y=0.000 Z=0.000), Max=(X=0.000 Y=0.000 Z=0.000) RuntimeGrid:None EditorOnly:0 RuntimeOnly:0 HLODRelevant:0 ListedInSceneOutliner:1 IsMainWorldOnly:0 FolderPath:SkyEnvironment FolderGuid:D8EAE2534970564B52EA1C87FB31D303
 |   |   |- [+] [  1]
 |   |   |   |- Guid:218E3B124735712D7EF272B4FB8E7FF6 BaseClass: NativeClass:/Script/Landscape.Landscape Name:Landscape_UAID_A85E45CFE404FBD100_1221515703 Label:Landscape SpatiallyLoaded:0 Bounds:IsValid=true, Min=(X=-100800.000 Y=-100800.000 Z=100.000), Max=(X=-100800.000 Y=-100800.000 Z=100.000) RuntimeGrid:None EditorOnly:0 RuntimeOnly:0 HLODRelevant:0 ListedInSceneOutliner:1 IsMainWorldOnly:0
 |   |   |- [+] [  2]
 |   |   |   |- Guid:2EF168E948109DA74BFD38B7AC358805 BaseClass: NativeClass:/Script/Engine.WorldDataLayers Name:WorldDataLayers Label:None SpatiallyLoaded:0 Bounds:Invalid RuntimeGrid:None EditorOnly:0 RuntimeOnly:0 HLODRelevant:0 ListedInSceneOutliner:1 IsMainWorldOnly:1
 |   |   |- [+] [  3]
 |   |   |   |- Guid:459FBE9D49250E59BF9DCEB4411C9CDC BaseClass: NativeClass:/Script/Engine.DirectionalLight Name:DirectionalLight_UAID_A8A159265DF5D92802_1087139939 Label:DirectionalLight SpatiallyLoaded:0 Bounds:Invalid RuntimeGrid:None EditorOnly:0 RuntimeOnly:0 HLODRelevant:0 ListedInSceneOutliner:1 IsMainWorldOnly:0 FolderPath:SkyEnvironment FolderGuid:D8EAE2534970564B52EA1C87FB31D303
 |   |   |- [+] [  4]
 |   |   |   |- Guid:66250514464EA685853000A5693BBF54 BaseClass: NativeClass:/Script/Engine.RuntimeVirtualTextureVolume Name:RuntimeVirtualTextureVolume_UAID_A8A159265DF5C72402_1238417535 Label:RVTHeight SpatiallyLoaded:0 Bounds:IsValid=true, Min=(X=-100800.000 Y=-100800.000 Z=-9472.656), Max=(X=100800.000 Y=100800.000 Z=14989.844) RuntimeGrid:None EditorOnly:0 RuntimeOnly:0 HLODRelevant:0 ListedInSceneOutliner:1 IsMainWorldOnly:0 FolderPath:RVT FolderGuid:E73A59BA4DB0BDA89165D0872C37C1E8
 |   |   |- [+] [  5]
 |   |   |   |- Guid:88835A9A4639E97AB2BCFD9C08F58BE0 BaseClass: NativeClass:/Script/Engine.PlayerStart Name:PlayerStart_UAID_A8A159265DF5D92802_1274736944 Label:PlayerStart SpatiallyLoaded:0 Bounds:IsValid=true, Min=(X=-40.000 Y=-40.000 Z=8.000), Max=(X=40.000 Y=40.000 Z=192.000) RuntimeGrid:None EditorOnly:0 RuntimeOnly:0 HLODRelevant:0 ListedInSceneOutliner:1 IsMainWorldOnly:0
 |   |   |- [+] [  6]
 |   |   |   |- Guid:D03376D04B5AA1B7620396BE48FB4DD0 BaseClass: NativeClass:/Script/Engine.SkyAtmosphere Name:SkyAtmosphere_UAID_A8A159265DF5D92802_1202791942 Label:SkyAtmosphere SpatiallyLoaded:0 Bounds:IsValid=true, Min=(X=0.000 Y=0.000 Z=0.000), Max=(X=0.000 Y=0.000 Z=0.000) RuntimeGrid:None EditorOnly:0 RuntimeOnly:0 HLODRelevant:0 ListedInSceneOutliner:1 IsMainWorldOnly:0 FolderPath:SkyEnvironment FolderGuid:D8EAE2534970564B52EA1C87FB31D303
 |   |   |- [+] [  7]
 |   |   |   |- Guid:D3E9DDE041A12D85DF60A2BB75E0FFB3 BaseClass: NativeClass:/Script/Engine.SkyLight Name:SkyLight_UAID_A8A159265DF5D92802_1180259940 Label:SkyLight SpatiallyLoaded:0 Bounds:IsValid=true, Min=(X=0.000 Y=0.000 Z=0.000), Max=(X=0.000 Y=0.000 Z=0.000) RuntimeGrid:None EditorOnly:0 RuntimeOnly:0 HLODRelevant:0 ListedInSceneOutliner:1 IsMainWorldOnly:0 FolderPath:SkyEnvironment FolderGuid:D8EAE2534970564B52EA1C87FB31D303
 |   |   |- [+] [  8]
 |   |   |   |- Guid:D7BEBAE94D42C9D8B4F7A6A5C6D3B207 BaseClass: NativeClass:/Script/Engine.ExponentialHeightFog Name:ExponentialHeightFog_UAID_A8A159265DF5D92802_1203990943 Label:ExponentialHeightFog SpatiallyLoaded:0 Bounds:IsValid=true, Min=(X=0.000 Y=0.000 Z=0.000), Max=(X=0.000 Y=0.000 Z=0.000) RuntimeGrid:None EditorOnly:0 RuntimeOnly:0 HLODRelevant:0 ListedInSceneOutliner:1 IsMainWorldOnly:0 FolderPath:SkyEnvironment FolderGuid:D8EAE2534970564B52EA1C87FB31D303
 |   |   |- [+] [  9]
 |   |   |   |- Guid:F416FBB74EE2FC4F37843B8692A26D23 BaseClass: NativeClass:/Script/Engine.RuntimeVirtualTextureVolume Name:RuntimeVirtualTextureVolume_UAID_A8A159265DF5C72402_1248926536 Label:RVTColor SpatiallyLoaded:0 Bounds:IsValid=true, Min=(X=-100800.000 Y=-100800.000 Z=-9472.656), Max=(X=100800.000 Y=100800.000 Z=14989.844) RuntimeGrid:None EditorOnly:0 RuntimeOnly:0 HLODRelevant:0 ListedInSceneOutliner:1 IsMainWorldOnly:0 FolderPath:RVT FolderGuid:E73A59BA4DB0BDA89165D0872C37C1E8
 |- ContainerInstances:
 |- [+] MainContainer:
 |   |-        ID: 00000000000000000000000000000000
 |   |-  ParentID: 00000000000000000000000000000000
 |   |-    Bounds: IsValid=false, Min=(X=0.000 Y=0.000 Z=0.000), Max=(X=0.000 Y=0.000 Z=0.000)
 |   |- Transform: 0.000000,0.000000,0.000000|0.000000,0.000000,-0.000000|1.000000,1.000000,1.000000
 |   |- Container: /Game/FromtheOther/Level_Main
----------------------------------------------------------------------------------------------------------------
Level_Main - Persistent Level
----------------------------------------------------------------------------------------------------------------
[+] Content of Level_Main Persistent Level
 |- Always loaded Actor Count: 10 
 |- Actor Path: /Game/FromtheOther/Level_Main.Level_Main:PersistentLevel.DirectionalLight_UAID_A8A159265DF5D92802_1087139939
 |- Actor Package: /Game/__ExternalActors__/FromtheOther/Level_Main/6/SF/GHDU2H4S789DXYI5UUVQ8Z
 |- Actor Path: /Game/FromtheOther/Level_Main.Level_Main:PersistentLevel.ExponentialHeightFog_UAID_A8A159265DF5D92802_1203990943
 |- Actor Package: /Game/__ExternalActors__/FromtheOther/Level_Main/E/I6/ERZK83D4ZLOUGXYHDDT2H3
 |- Actor Path: /Game/FromtheOther/Level_Main.Level_Main:PersistentLevel.Landscape_UAID_A85E45CFE404FBD100_1221515703
 |- Actor Package: /Game/__ExternalActors__/FromtheOther/Level_Main/4/28/EQVY3E7II55MS70RF04BEQ
 |- Actor Path: /Game/FromtheOther/Level_Main.Level_Main:PersistentLevel.PlayerStart_UAID_A8A159265DF5D92802_1274736944
 |- Actor Package: /Game/__ExternalActors__/FromtheOther/Level_Main/4/TR/4W3R5X6PJ0G6CS7GNRW59T
 |- Actor Path: /Game/FromtheOther/Level_Main.Level_Main:PersistentLevel.RuntimeVirtualTextureVolume_UAID_A8A159265DF5C72402_1238417535
 |- Actor Package: /Game/__ExternalActors__/FromtheOther/Level_Main/6/32/XUNBD6GKP26QA0KQ76BPM9
 |- Actor Path: /Game/FromtheOther/Level_Main.Level_Main:PersistentLevel.RuntimeVirtualTextureVolume_UAID_A8A159265DF5C72402_1248926536
 |- Actor Package: /Game/__ExternalActors__/FromtheOther/Level_Main/7/Z3/7JSRNJQ9SQRYWSGGD4FE99
 |- Actor Path: /Game/FromtheOther/Level_Main.Level_Main:PersistentLevel.SkyAtmosphere_UAID_A8A159265DF5D92802_1202791942
 |- Actor Package: /Game/__ExternalActors__/FromtheOther/Level_Main/2/ZD/KZUH80CR7GZSA2IBKORZKN
 |- Actor Path: /Game/FromtheOther/Level_Main.Level_Main:PersistentLevel.SkyLight_UAID_A8A159265DF5D92802_1180259940
 |- Actor Package: /Game/__ExternalActors__/FromtheOther/Level_Main/8/W6/VCZPDN5O9MVYG8IPKSNWEJ
 |- Actor Path: /Game/FromtheOther/Level_Main.Level_Main:PersistentLevel.VolumetricCloud_UAID_A8A159265DF5D92802_1194503941
 |- Actor Package: /Game/__ExternalActors__/FromtheOther/Level_Main/3/M5/OCZIXL1EHFJQ443D1VRXAD
 |- Actor Path: /Game/FromtheOther/Level_Main.Level_Main:PersistentLevel.WorldDataLayers
 |- Actor Package: /Game/__ExternalActors__/FromtheOther/Level_Main/E/WD/CUH14K52UP617ABN2V650F

----------------------------------------------------------------------------------------------------------------
Level_Main - Runtime Hash Set
----------------------------------------------------------------------------------------------------------------

